# JRE version: Java(TM) SE Runtime Environment (16.0.1+9) (build 16.0.1+9-24)
# Java VM: Java HotSpot(TM) 64-Bit Server VM (16.0.1+9-24, mixed mode, sharing, tiered, compressed oops, compressed class ptrs, g1 gc, windows-amd64)
GC Precious Log:
 CPUs: 4 total, 4 available
 Memory: 3500M
 Large Page Support: Disabled
 NUMA Support: Disabled
 Compressed Oops: Enabled (32-bit)
 Heap Region Size: 1M
 Heap Min Capacity: 256M
 Heap Initial Capacity: 256M
 Heap Max Capacity: 512M
 Pre-touch: Disabled
 Parallel Workers: 4
 Concurrent Workers: 1
 Concurrent Refinement Workers: 4
 Periodic GC: Disabled
Heap:
 garbage-first heap   total 262144K, used 104068K [0x00000000e0000000, 0x0000000100000000)
  region size 1024K, 6 young (6144K), 2 survivors (2048K)
 Metaspace       used 59138K, committed 59712K, reserved 270336K
  class space    used 7781K, committed 8064K, reserved 212992K
GC Heap History (18 events):
Event: 1.806 GC heap before
{Heap before GC invocations=0 (full 0):
 garbage-first heap   total 262144K, used 15360K [0x00000000e0000000, 0x0000000100000000)
  region size 1024K, 13 young (13312K), 0 survivors (0K)
 Metaspace       used 1061K, committed 1216K, reserved 221184K
  class space    used 72K, committed 128K, reserved 212992K
}
Event: 1.822 GC heap after
{Heap after GC invocations=1 (full 0):
 garbage-first heap   total 262144K, used 3990K [0x00000000e0000000, 0x0000000100000000)
  region size 1024K, 2 young (2048K), 2 survivors (2048K)
 Metaspace       used 1061K, committed 1216K, reserved 221184K
  class space    used 72K, committed 128K, reserved 212992K
}
Event: 3.062 GC heap before
{Heap before GC invocations=1 (full 0):
 garbage-first heap   total 262144K, used 20374K [0x00000000e0000000, 0x0000000100000000)
  region size 1024K, 16 young (16384K), 2 survivors (2048K)
 Metaspace       used 3633K, committed 3776K, reserved 221184K
  class space    used 439K, committed 512K, reserved 212992K
}
Event: 3.067 GC heap after
{Heap after GC invocations=2 (full 0):
 garbage-first heap   total 262144K, used 9334K [0x00000000e0000000, 0x0000000100000000)
  region size 1024K, 2 young (2048K), 2 survivors (2048K)
 Metaspace       used 3633K, committed 3776K, reserved 221184K
  class space    used 439K, committed 512K, reserved 212992K
}
Event: 3.902 GC heap before
{Heap before GC invocations=2 (full 0):
 garbage-first heap   total 262144K, used 28790K [0x00000000e0000000, 0x0000000100000000)
  region size 1024K, 22 young (22528K), 2 survivors (2048K)
 Metaspace       used 4087K, committed 4288K, reserved 221184K
  class space    used 483K, committed 576K, reserved 212992K
}
Event: 3.906 GC heap after
{Heap after GC invocations=3 (full 0):
 garbage-first heap   total 262144K, used 9924K [0x00000000e0000000, 0x0000000100000000)
  region size 1024K, 1 young (1024K), 1 survivors (1024K)
 Metaspace       used 4087K, committed 4288K, reserved 221184K
  class space    used 483K, committed 576K, reserved 212992K
}
Event: 17.348 GC heap before
{Heap before GC invocations=3 (full 0):
 garbage-first heap   total 262144K, used 138948K [0x00000000e0000000, 0x0000000100000000)
  region size 1024K, 114 young (116736K), 1 survivors (1024K)
 Metaspace       used 20986K, committed 21248K, reserved 237568K
  class space    used 3087K, committed 3200K, reserved 212992K
}
Event: 17.389 GC heap after
{Heap after GC invocations=4 (full 0):
 garbage-first heap   total 262144K, used 37221K [0x00000000e0000000, 0x0000000100000000)
  region size 1024K, 14 young (14336K), 14 survivors (14336K)
 Metaspace       used 20986K, committed 21248K, reserved 237568K
  class space    used 3087K, committed 3200K, reserved 212992K
}
Event: 24.455 GC heap before
{Heap before GC invocations=5 (full 0):
 garbage-first heap   total 262144K, used 153957K [0x00000000e0000000, 0x0000000100000000)
  region size 1024K, 118 young (120832K), 14 survivors (14336K)
 Metaspace       used 35110K, committed 35520K, reserved 245760K
  class space    used 4705K, committed 4928K, reserved 212992K
}
Event: 24.517 GC heap after
{Heap after GC invocations=6 (full 0):
 garbage-first heap   total 262144K, used 57264K [0x00000000e0000000, 0x0000000100000000)
  region size 1024K, 11 young (11264K), 11 survivors (11264K)
 Metaspace       used 35110K, committed 35520K, reserved 245760K
  class space    used 4705K, committed 4928K, reserved 212992K
}
Event: 30.315 GC heap before
{Heap before GC invocations=7 (full 0):
 garbage-first heap   total 262144K, used 178096K [0x00000000e0000000, 0x0000000100000000)
  region size 1024K, 112 young (114688K), 11 survivors (11264K)
 Metaspace       used 45567K, committed 46208K, reserved 253952K
  class space    used 6244K, committed 6528K, reserved 212992K
}
Event: 30.604 GC heap after
{Heap after GC invocations=8 (full 0):
 garbage-first heap   total 262144K, used 86293K [0x00000000e0000000, 0x0000000100000000)
  region size 1024K, 12 young (12288K), 12 survivors (12288K)
 Metaspace       used 45567K, committed 46208K, reserved 253952K
  class space    used 6244K, committed 6528K, reserved 212992K
}
Event: 34.463 GC heap before
{Heap before GC invocations=8 (full 0):
 garbage-first heap   total 262144K, used 130325K [0x00000000e0000000, 0x0000000100000000)
  region size 1024K, 56 young (57344K), 12 survivors (12288K)
 Metaspace       used 48699K, committed 49344K, reserved 262144K
  class space    used 6608K, committed 6912K, reserved 212992K
}
Event: 34.491 GC heap after
{Heap after GC invocations=9 (full 0):
 garbage-first heap   total 262144K, used 91980K [0x00000000e0000000, 0x0000000100000000)
  region size 1024K, 6 young (6144K), 6 survivors (6144K)
 Metaspace       used 48699K, committed 49344K, reserved 262144K
  class space    used 6608K, committed 6912K, reserved 212992K
}
Event: 40.779 GC heap before
{Heap before GC invocations=9 (full 0):
 garbage-first heap   total 262144K, used 199500K [0x00000000e0000000, 0x0000000100000000)
  region size 1024K, 111 young (113664K), 6 survivors (6144K)
 Metaspace       used 58290K, committed 58880K, reserved 270336K
  class space    used 7667K, committed 7936K, reserved 212992K
}
Event: 40.811 GC heap after
{Heap after GC invocations=10 (full 0):
 garbage-first heap   total 262144K, used 99618K [0x00000000e0000000, 0x0000000100000000)
  region size 1024K, 14 young (14336K), 14 survivors (14336K)
 Metaspace       used 58290K, committed 58880K, reserved 270336K
  class space    used 7667K, committed 7936K, reserved 212992K
}
Event: 41.193 GC heap before
{Heap before GC invocations=10 (full 0):
 garbage-first heap   total 262144K, used 119074K [0x00000000e0000000, 0x0000000100000000)
  region size 1024K, 34 young (34816K), 14 survivors (14336K)
 Metaspace       used 58900K, committed 59520K, reserved 270336K
  class space    used 7762K, committed 8064K, reserved 212992K
}
Event: 41.286 GC heap after
{Heap after GC invocations=11 (full 0):
 garbage-first heap   total 262144K, used 100996K [0x00000000e0000000, 0x0000000100000000)
  region size 1024K, 2 young (2048K), 2 survivors (2048K)
 Metaspace       used 58900K, committed 59520K, reserved 270336K
  class space    used 7762K, committed 8064K, reserved 212992K
}

