# JRE version: Java(TM) SE Runtime Environment (16.0.1+9) (build 16.0.1+9-24)
# Java VM: Java HotSpot(TM) 64-Bit Server VM (16.0.1+9-24, mixed mode, sharing, tiered, compressed oops, compressed class ptrs, g1 gc, windows-amd64)
GC Precious Log:
 CPUs: 4 total, 4 available
 Memory: 3500M
 Large Page Support: Disabled
 NUMA Support: Disabled
 Compressed Oops: Enabled (32-bit)
 Heap Region Size: 1M
 Heap Min Capacity: 8M
 Heap Initial Capacity: 56M
 Heap Max Capacity: 876M
 Pre-touch: Disabled
 Parallel Workers: 4
 Concurrent Workers: 1
 Concurrent Refinement Workers: 4
 Periodic GC: Disabled
Heap:
 garbage-first heap   total 37888K, used 22828K [0x00000000c9400000, 0x0000000100000000)
  region size 1024K, 16 young (16384K), 3 survivors (3072K)
 Metaspace       used 26731K, committed 27072K, reserved 1073152K
  class space    used 3285K, committed 3456K, reserved 1048576K
GC Heap History (12 events):
Event: 1.845 GC heap before
{Heap before GC invocations=0 (full 0):
 garbage-first heap   total 57344K, used 13312K [0x00000000c9400000, 0x0000000100000000)
  region size 1024K, 13 young (13312K), 0 survivors (0K)
 Metaspace       used 3601K, committed 3776K, reserved 1056768K
  class space    used 362K, committed 448K, reserved 1048576K
}
Event: 1.858 GC heap after
{Heap after GC invocations=1 (full 0):
 garbage-first heap   total 57344K, used 3692K [0x00000000c9400000, 0x0000000100000000)
  region size 1024K, 2 young (2048K), 2 survivors (2048K)
 Metaspace       used 3601K, committed 3776K, reserved 1056768K
  class space    used 362K, committed 448K, reserved 1048576K
}
Event: 2.627 GC heap before
{Heap before GC invocations=1 (full 0):
 garbage-first heap   total 57344K, used 14956K [0x00000000c9400000, 0x0000000100000000)
  region size 1024K, 13 young (13312K), 2 survivors (2048K)
 Metaspace       used 6337K, committed 6528K, reserved 1056768K
  class space    used 745K, committed 832K, reserved 1048576K
}
Event: 2.638 GC heap after
{Heap after GC invocations=2 (full 0):
 garbage-first heap   total 57344K, used 5006K [0x00000000c9400000, 0x0000000100000000)
  region size 1024K, 2 young (2048K), 2 survivors (2048K)
 Metaspace       used 6337K, committed 6528K, reserved 1056768K
  class space    used 745K, committed 832K, reserved 1048576K
}
Event: 4.124 GC heap before
{Heap before GC invocations=2 (full 0):
 garbage-first heap   total 57344K, used 26510K [0x00000000c9400000, 0x0000000100000000)
  region size 1024K, 23 young (23552K), 2 survivors (2048K)
 Metaspace       used 11782K, committed 11968K, reserved 1064960K
  class space    used 1399K, committed 1472K, reserved 1048576K
}
Event: 4.129 GC heap after
{Heap after GC invocations=3 (full 0):
 garbage-first heap   total 57344K, used 5962K [0x00000000c9400000, 0x0000000100000000)
  region size 1024K, 2 young (2048K), 2 survivors (2048K)
 Metaspace       used 11782K, committed 11968K, reserved 1064960K
  class space    used 1399K, committed 1472K, reserved 1048576K
}
Event: 7.171 GC heap before
{Heap before GC invocations=3 (full 0):
 garbage-first heap   total 57344K, used 36682K [0x00000000c9400000, 0x0000000100000000)
  region size 1024K, 33 young (33792K), 2 survivors (2048K)
 Metaspace       used 16764K, committed 17088K, reserved 1064960K
  class space    used 2023K, committed 2176K, reserved 1048576K
}
Event: 7.183 GC heap after
{Heap after GC invocations=4 (full 0):
 garbage-first heap   total 57344K, used 7661K [0x00000000c9400000, 0x0000000100000000)
  region size 1024K, 4 young (4096K), 4 survivors (4096K)
 Metaspace       used 16764K, committed 17088K, reserved 1064960K
  class space    used 2023K, committed 2176K, reserved 1048576K
}
Event: 10.443 GC heap before
{Heap before GC invocations=4 (full 0):
 garbage-first heap   total 57344K, used 26093K [0x00000000c9400000, 0x0000000100000000)
  region size 1024K, 24 young (24576K), 4 survivors (4096K)
 Metaspace       used 20997K, committed 21248K, reserved 1073152K
  class space    used 2585K, committed 2688K, reserved 1048576K
}
Event: 10.460 GC heap after
{Heap after GC invocations=5 (full 0):
 garbage-first heap   total 57344K, used 9797K [0x00000000c9400000, 0x0000000100000000)
  region size 1024K, 4 young (4096K), 4 survivors (4096K)
 Metaspace       used 20997K, committed 21248K, reserved 1073152K
  class space    used 2585K, committed 2688K, reserved 1048576K
}
Event: 11.367 GC heap before
{Heap before GC invocations=6 (full 0):
 garbage-first heap   total 37888K, used 28229K [0x00000000c9400000, 0x0000000100000000)
  region size 1024K, 22 young (22528K), 4 survivors (4096K)
 Metaspace       used 24124K, committed 24384K, reserved 1073152K
  class space    used 2939K, committed 3072K, reserved 1048576K
}
Event: 11.378 GC heap after
{Heap after GC invocations=7 (full 0):
 garbage-first heap   total 37888K, used 11564K [0x00000000c9400000, 0x0000000100000000)
  region size 1024K, 3 young (3072K), 3 survivors (3072K)
 Metaspace       used 24124K, committed 24384K, reserved 1073152K
  class space    used 2939K, committed 3072K, reserved 1048576K
}

