# JRE version: Java(TM) SE Runtime Environment (16.0.1+9) (build 16.0.1+9-24)
# Java VM: Java HotSpot(TM) 64-Bit Server VM (16.0.1+9-24, mixed mode, sharing, tiered, compressed oops, compressed class ptrs, g1 gc, windows-amd64)
GC Precious Log:
 CPUs: 4 total, 4 available
 Memory: 3500M
 Large Page Support: Disabled
 NUMA Support: Disabled
 Compressed Oops: Enabled (32-bit)
 Heap Region Size: 1M
 Heap Min Capacity: 256M
 Heap Initial Capacity: 256M
 Heap Max Capacity: 512M
 Pre-touch: Disabled
 Parallel Workers: 4
 Concurrent Workers: 1
 Concurrent Refinement Workers: 4
 Periodic GC: Disabled
Heap:
 garbage-first heap   total 262144K, used 77575K [0x00000000e0000000, 0x0000000100000000)
  region size 1024K, 68 young (69632K), 1 survivors (1024K)
 Metaspace       used 14393K, committed 14720K, reserved 229376K
  class space    used 2072K, committed 2240K, reserved 212992K
GC Heap History (6 events):
Event: 3.797 GC heap before
{Heap before GC invocations=0 (full 0):
 garbage-first heap   total 262144K, used 15360K [0x00000000e0000000, 0x0000000100000000)
  region size 1024K, 13 young (13312K), 0 survivors (0K)
 Metaspace       used 1049K, committed 1216K, reserved 221184K
  class space    used 72K, committed 128K, reserved 212992K
}
Event: 3.824 GC heap after
{Heap after GC invocations=1 (full 0):
 garbage-first heap   total 262144K, used 3940K [0x00000000e0000000, 0x0000000100000000)
  region size 1024K, 2 young (2048K), 2 survivors (2048K)
 Metaspace       used 1049K, committed 1216K, reserved 221184K
  class space    used 72K, committed 128K, reserved 212992K
}
Event: 5.136 GC heap before
{Heap before GC invocations=1 (full 0):
 garbage-first heap   total 262144K, used 20324K [0x00000000e0000000, 0x0000000100000000)
  region size 1024K, 16 young (16384K), 2 survivors (2048K)
 Metaspace       used 3626K, committed 3776K, reserved 221184K
  class space    used 439K, committed 512K, reserved 212992K
}
Event: 5.142 GC heap after
{Heap after GC invocations=2 (full 0):
 garbage-first heap   total 262144K, used 9291K [0x00000000e0000000, 0x0000000100000000)
  region size 1024K, 2 young (2048K), 2 survivors (2048K)
 Metaspace       used 3626K, committed 3776K, reserved 221184K
  class space    used 439K, committed 512K, reserved 212992K
}
Event: 6.265 GC heap before
{Heap before GC invocations=2 (full 0):
 garbage-first heap   total 262144K, used 28747K [0x00000000e0000000, 0x0000000100000000)
  region size 1024K, 22 young (22528K), 2 survivors (2048K)
 Metaspace       used 4088K, committed 4288K, reserved 221184K
  class space    used 485K, committed 576K, reserved 212992K
}
Event: 6.274 GC heap after
{Heap after GC invocations=3 (full 0):
 garbage-first heap   total 262144K, used 9991K [0x00000000e0000000, 0x0000000100000000)
  region size 1024K, 1 young (1024K), 1 survivors (1024K)
 Metaspace       used 4088K, committed 4288K, reserved 221184K
  class space    used 485K, committed 576K, reserved 212992K
}

