# JRE version: Java(TM) SE Runtime Environment (16.0.1+9) (build 16.0.1+9-24)
# Java VM: Java HotSpot(TM) 64-Bit Server VM (16.0.1+9-24, mixed mode, sharing, tiered, compressed oops, compressed class ptrs, g1 gc, windows-amd64)
GC Precious Log:
 CPUs: 4 total, 4 available
 Memory: 3500M
 Large Page Support: Disabled
 NUMA Support: Disabled
 Compressed Oops: Enabled (32-bit)
 Heap Region Size: 1M
 Heap Min Capacity: 8M
 Heap Initial Capacity: 56M
 Heap Max Capacity: 876M
 Pre-touch: Disabled
 Parallel Workers: 4
 Concurrent Workers: 1
 Concurrent Refinement Workers: 4
 Periodic GC: Disabled
Heap:
 garbage-first heap   total 57344K, used 14986K [0x00000000c9400000, 0x0000000100000000)
  region size 1024K, 1 young (1024K), 1 survivors (1024K)
 Metaspace       used 26232K, committed 26624K, reserved 1073152K
  class space    used 3259K, committed 3456K, reserved 1048576K
GC Heap History (19 events):
Event: 1.180 GC heap before
{Heap before GC invocations=0 (full 0):
 garbage-first heap   total 57344K, used 13312K [0x00000000c9400000, 0x0000000100000000)
  region size 1024K, 13 young (13312K), 0 survivors (0K)
 Metaspace       used 2745K, committed 2880K, reserved 1056768K
  class space    used 253K, committed 320K, reserved 1048576K
}
Event: 1.190 GC heap after
{Heap after GC invocations=1 (full 0):
 garbage-first heap   total 57344K, used 6087K [0x00000000c9400000, 0x0000000100000000)
  region size 1024K, 2 young (2048K), 2 survivors (2048K)
 Metaspace       used 2745K, committed 2880K, reserved 1056768K
  class space    used 253K, committed 320K, reserved 1048576K
}
Event: 1.927 GC heap before
{Heap before GC invocations=1 (full 0):
 garbage-first heap   total 57344K, used 16327K [0x00000000c9400000, 0x0000000100000000)
  region size 1024K, 12 young (12288K), 2 survivors (2048K)
 Metaspace       used 5704K, committed 5824K, reserved 1056768K
  class space    used 644K, committed 704K, reserved 1048576K
}
Event: 1.935 GC heap after
{Heap after GC invocations=2 (full 0):
 garbage-first heap   total 57344K, used 6999K [0x00000000c9400000, 0x0000000100000000)
  region size 1024K, 1 young (1024K), 1 survivors (1024K)
 Metaspace       used 5704K, committed 5824K, reserved 1056768K
  class space    used 644K, committed 704K, reserved 1048576K
}
Event: 2.577 GC heap before
{Heap before GC invocations=2 (full 0):
 garbage-first heap   total 57344K, used 24407K [0x00000000c9400000, 0x0000000100000000)
  region size 1024K, 19 young (19456K), 1 survivors (1024K)
 Metaspace       used 10044K, committed 10304K, reserved 1064960K
  class space    used 1206K, committed 1344K, reserved 1048576K
}
Event: 2.582 GC heap after
{Heap after GC invocations=3 (full 0):
 garbage-first heap   total 57344K, used 8030K [0x00000000c9400000, 0x0000000100000000)
  region size 1024K, 2 young (2048K), 2 survivors (2048K)
 Metaspace       used 10044K, committed 10304K, reserved 1064960K
  class space    used 1206K, committed 1344K, reserved 1048576K
}
Event: 3.314 GC heap before
{Heap before GC invocations=3 (full 0):
 garbage-first heap   total 57344K, used 35678K [0x00000000c9400000, 0x0000000100000000)
  region size 1024K, 30 young (30720K), 2 survivors (2048K)
 Metaspace       used 14726K, committed 14976K, reserved 1064960K
  class space    used 1798K, committed 1920K, reserved 1048576K
}
Event: 3.321 GC heap after
{Heap after GC invocations=4 (full 0):
 garbage-first heap   total 57344K, used 9059K [0x00000000c9400000, 0x0000000100000000)
  region size 1024K, 3 young (3072K), 3 survivors (3072K)
 Metaspace       used 14726K, committed 14976K, reserved 1064960K
  class space    used 1798K, committed 1920K, reserved 1048576K
}
Event: 3.434 GC heap before
{Heap before GC invocations=4 (full 0):
 garbage-first heap   total 57344K, used 38755K [0x00000000c9400000, 0x0000000100000000)
  region size 1024K, 33 young (33792K), 3 survivors (3072K)
 Metaspace       used 15225K, committed 15488K, reserved 1064960K
  class space    used 1837K, committed 1984K, reserved 1048576K
}
Event: 3.441 GC heap after
{Heap after GC invocations=5 (full 0):
 garbage-first heap   total 57344K, used 9159K [0x00000000c9400000, 0x0000000100000000)
  region size 1024K, 3 young (3072K), 3 survivors (3072K)
 Metaspace       used 15225K, committed 15488K, reserved 1064960K
  class space    used 1837K, committed 1984K, reserved 1048576K
}
Event: 5.527 GC heap before
{Heap before GC invocations=5 (full 0):
 garbage-first heap   total 57344K, used 39879K [0x00000000c9400000, 0x0000000100000000)
  region size 1024K, 33 young (33792K), 3 survivors (3072K)
 Metaspace       used 18723K, committed 19008K, reserved 1073152K
  class space    used 2282K, committed 2432K, reserved 1048576K
}
Event: 5.538 GC heap after
{Heap after GC invocations=6 (full 0):
 garbage-first heap   total 57344K, used 11034K [0x00000000c9400000, 0x0000000100000000)
  region size 1024K, 4 young (4096K), 4 survivors (4096K)
 Metaspace       used 18723K, committed 19008K, reserved 1073152K
  class space    used 2282K, committed 2432K, reserved 1048576K
}
Event: 6.119 GC heap before
{Heap before GC invocations=6 (full 0):
 garbage-first heap   total 57344K, used 23322K [0x00000000c9400000, 0x0000000100000000)
  region size 1024K, 17 young (17408K), 4 survivors (4096K)
 Metaspace       used 20964K, committed 21248K, reserved 1073152K
  class space    used 2588K, committed 2752K, reserved 1048576K
}
Event: 6.135 GC heap after
{Heap after GC invocations=7 (full 0):
 garbage-first heap   total 57344K, used 12111K [0x00000000c9400000, 0x0000000100000000)
  region size 1024K, 4 young (4096K), 4 survivors (4096K)
 Metaspace       used 20964K, committed 21248K, reserved 1073152K
  class space    used 2588K, committed 2752K, reserved 1048576K
}
Event: 7.086 GC heap before
{Heap before GC invocations=8 (full 0):
 garbage-first heap   total 48128K, used 35663K [0x00000000c9400000, 0x0000000100000000)
  region size 1024K, 28 young (28672K), 4 survivors (4096K)
 Metaspace       used 25069K, committed 25280K, reserved 1073152K
  class space    used 3102K, committed 3200K, reserved 1048576K
}
Event: 7.099 GC heap after
{Heap after GC invocations=9 (full 0):
 garbage-first heap   total 48128K, used 14738K [0x00000000c9400000, 0x0000000100000000)
  region size 1024K, 4 young (4096K), 4 survivors (4096K)
 Metaspace       used 25069K, committed 25280K, reserved 1073152K
  class space    used 3102K, committed 3200K, reserved 1048576K
}
Event: 7.109 GC heap before
{Heap before GC invocations=9 (full 0):
 garbage-first heap   total 48128K, used 35218K [0x00000000c9400000, 0x0000000100000000)
  region size 1024K, 25 young (25600K), 4 survivors (4096K)
 Metaspace       used 25069K, committed 25280K, reserved 1073152K
  class space    used 3102K, committed 3200K, reserved 1048576K
}
Event: 7.117 GC heap after
{Heap after GC invocations=10 (full 0):
 garbage-first heap   total 48128K, used 14381K [0x00000000c9400000, 0x0000000100000000)
  region size 1024K, 1 young (1024K), 1 survivors (1024K)
 Metaspace       used 25069K, committed 25280K, reserved 1073152K
  class space    used 3102K, committed 3200K, reserved 1048576K
}
Event: 7.501 GC heap before
{Heap before GC invocations=10 (full 0):
 garbage-first heap   total 48128K, used 34861K [0x00000000c9400000, 0x0000000100000000)
  region size 1024K, 22 young (22528K), 1 survivors (1024K)
 Metaspace       used 26232K, committed 26624K, reserved 1073152K
  class space    used 3259K, committed 3456K, reserved 1048576K
}

