# JRE version: Java(TM) SE Runtime Environment (16.0.1+9) (build 16.0.1+9-24)
# Java VM: Java HotSpot(TM) 64-Bit Server VM (16.0.1+9-24, mixed mode, sharing, tiered, compressed oops, compressed class ptrs, g1 gc, windows-amd64)
GC Precious Log:
 CPUs: 4 total, 4 available
 Memory: 3500M
 Large Page Support: Disabled
 NUMA Support: Disabled
 Compressed Oops: Enabled (32-bit)
 Heap Region Size: 1M
 Heap Min Capacity: 8M
 Heap Initial Capacity: 56M
 Heap Max Capacity: 876M
 Pre-touch: Disabled
 Parallel Workers: 4
 Concurrent Workers: 1
 Concurrent Refinement Workers: 4
 Periodic GC: Disabled
Heap:
 garbage-first heap   total 48128K, used 28817K [0x00000000c9400000, 0x0000000100000000)
  region size 1024K, 12 young (12288K), 3 survivors (3072K)
 Metaspace       used 47842K, committed 48192K, reserved 1097728K
  class space    used 6283K, committed 6464K, reserved 1048576K
GC Heap History (20 events):
Event: 6.437 GC heap before
{Heap before GC invocations=5 (full 0):
 garbage-first heap   total 57344K, used 40270K [0x00000000c9400000, 0x0000000100000000)
  region size 1024K, 33 young (33792K), 3 survivors (3072K)
 Metaspace       used 18698K, committed 18944K, reserved 1073152K
  class space    used 2282K, committed 2432K, reserved 1048576K
}
Event: 6.452 GC heap after
{Heap after GC invocations=6 (full 0):
 garbage-first heap   total 57344K, used 10942K [0x00000000c9400000, 0x0000000100000000)
  region size 1024K, 4 young (4096K), 4 survivors (4096K)
 Metaspace       used 18698K, committed 18944K, reserved 1073152K
  class space    used 2282K, committed 2432K, reserved 1048576K
}
Event: 7.253 GC heap before
{Heap before GC invocations=6 (full 0):
 garbage-first heap   total 57344K, used 23230K [0x00000000c9400000, 0x0000000100000000)
  region size 1024K, 17 young (17408K), 4 survivors (4096K)
 Metaspace       used 20957K, committed 21248K, reserved 1073152K
  class space    used 2589K, committed 2752K, reserved 1048576K
}
Event: 7.272 GC heap after
{Heap after GC invocations=7 (full 0):
 garbage-first heap   total 57344K, used 12152K [0x00000000c9400000, 0x0000000100000000)
  region size 1024K, 4 young (4096K), 4 survivors (4096K)
 Metaspace       used 20957K, committed 21248K, reserved 1073152K
  class space    used 2589K, committed 2752K, reserved 1048576K
}
Event: 8.801 GC heap before
{Heap before GC invocations=8 (full 0):
 garbage-first heap   total 48128K, used 35704K [0x00000000c9400000, 0x0000000100000000)
  region size 1024K, 28 young (28672K), 4 survivors (4096K)
 Metaspace       used 25052K, committed 25280K, reserved 1073152K
  class space    used 3102K, committed 3200K, reserved 1048576K
}
Event: 8.823 GC heap after
{Heap after GC invocations=9 (full 0):
 garbage-first heap   total 48128K, used 14781K [0x00000000c9400000, 0x0000000100000000)
  region size 1024K, 4 young (4096K), 4 survivors (4096K)
 Metaspace       used 25052K, committed 25280K, reserved 1073152K
  class space    used 3102K, committed 3200K, reserved 1048576K
}
Event: 8.836 GC heap before
{Heap before GC invocations=9 (full 0):
 garbage-first heap   total 48128K, used 35261K [0x00000000c9400000, 0x0000000100000000)
  region size 1024K, 25 young (25600K), 4 survivors (4096K)
 Metaspace       used 25052K, committed 25280K, reserved 1073152K
  class space    used 3102K, committed 3200K, reserved 1048576K
}
Event: 8.848 GC heap after
{Heap after GC invocations=10 (full 0):
 garbage-first heap   total 48128K, used 14425K [0x00000000c9400000, 0x0000000100000000)
  region size 1024K, 1 young (1024K), 1 survivors (1024K)
 Metaspace       used 25052K, committed 25280K, reserved 1073152K
  class space    used 3102K, committed 3200K, reserved 1048576K
}
Event: 9.813 GC heap before
{Heap before GC invocations=10 (full 0):
 garbage-first heap   total 48128K, used 34905K [0x00000000c9400000, 0x0000000100000000)
  region size 1024K, 22 young (22528K), 1 survivors (1024K)
 Metaspace       used 26233K, committed 26624K, reserved 1073152K
  class space    used 3263K, committed 3456K, reserved 1048576K
}
Event: 9.817 GC heap after
{Heap after GC invocations=11 (full 0):
 garbage-first heap   total 48128K, used 15068K [0x00000000c9400000, 0x0000000100000000)
  region size 1024K, 1 young (1024K), 1 survivors (1024K)
 Metaspace       used 26233K, committed 26624K, reserved 1073152K
  class space    used 3263K, committed 3456K, reserved 1048576K
}
Event: 11.021 GC heap before
{Heap before GC invocations=11 (full 0):
 garbage-first heap   total 48128K, used 35548K [0x00000000c9400000, 0x0000000100000000)
  region size 1024K, 22 young (22528K), 1 survivors (1024K)
 Metaspace       used 31535K, committed 31872K, reserved 1081344K
  class space    used 4138K, committed 4288K, reserved 1048576K
}
Event: 11.025 GC heap after
{Heap after GC invocations=12 (full 0):
 garbage-first heap   total 48128K, used 16041K [0x00000000c9400000, 0x0000000100000000)
  region size 1024K, 2 young (2048K), 2 survivors (2048K)
 Metaspace       used 31535K, committed 31872K, reserved 1081344K
  class space    used 4138K, committed 4288K, reserved 1048576K
}
Event: 11.632 GC heap before
{Heap before GC invocations=12 (full 0):
 garbage-first heap   total 48128K, used 25257K [0x00000000c9400000, 0x0000000100000000)
  region size 1024K, 12 young (12288K), 2 survivors (2048K)
 Metaspace       used 35209K, committed 35520K, reserved 1081344K
  class space    used 4540K, committed 4736K, reserved 1048576K
}
Event: 11.639 GC heap after
{Heap after GC invocations=13 (full 0):
 garbage-first heap   total 48128K, used 18175K [0x00000000c9400000, 0x0000000100000000)
  region size 1024K, 3 young (3072K), 3 survivors (3072K)
 Metaspace       used 35209K, committed 35520K, reserved 1081344K
  class space    used 4540K, committed 4736K, reserved 1048576K
}
Event: 13.506 GC heap before
{Heap before GC invocations=14 (full 0):
 garbage-first heap   total 48128K, used 36607K [0x00000000c9400000, 0x0000000100000000)
  region size 1024K, 21 young (21504K), 3 survivors (3072K)
 Metaspace       used 39690K, committed 40000K, reserved 1089536K
  class space    used 5083K, committed 5184K, reserved 1048576K
}
Event: 13.518 GC heap after
{Heap after GC invocations=15 (full 0):
 garbage-first heap   total 48128K, used 19470K [0x00000000c9400000, 0x0000000100000000)
  region size 1024K, 2 young (2048K), 2 survivors (2048K)
 Metaspace       used 39690K, committed 40000K, reserved 1089536K
  class space    used 5083K, committed 5184K, reserved 1048576K
}
Event: 14.566 GC heap before
{Heap before GC invocations=15 (full 0):
 garbage-first heap   total 48128K, used 35854K [0x00000000c9400000, 0x0000000100000000)
  region size 1024K, 18 young (18432K), 2 survivors (2048K)
 Metaspace       used 42107K, committed 42432K, reserved 1089536K
  class space    used 5376K, committed 5568K, reserved 1048576K
}
Event: 14.571 GC heap after
{Heap after GC invocations=16 (full 0):
 garbage-first heap   total 48128K, used 19845K [0x00000000c9400000, 0x0000000100000000)
  region size 1024K, 2 young (2048K), 2 survivors (2048K)
 Metaspace       used 42107K, committed 42432K, reserved 1089536K
  class space    used 5376K, committed 5568K, reserved 1048576K
}
Event: 15.772 GC heap before
{Heap before GC invocations=16 (full 0):
 garbage-first heap   total 48128K, used 36229K [0x00000000c9400000, 0x0000000100000000)
  region size 1024K, 19 young (19456K), 2 survivors (2048K)
 Metaspace       used 46253K, committed 46592K, reserved 1097728K
  class space    used 6054K, committed 6208K, reserved 1048576K
}
Event: 15.777 GC heap after
{Heap after GC invocations=17 (full 0):
 garbage-first heap   total 48128K, used 20625K [0x00000000c9400000, 0x0000000100000000)
  region size 1024K, 3 young (3072K), 3 survivors (3072K)
 Metaspace       used 46253K, committed 46592K, reserved 1097728K
  class space    used 6054K, committed 6208K, reserved 1048576K
}

