# JRE version: Java(TM) SE Runtime Environment (16.0.1+9) (build 16.0.1+9-24)
# Java VM: Java HotSpot(TM) 64-Bit Server VM (16.0.1+9-24, mixed mode, sharing, tiered, compressed oops, compressed class ptrs, g1 gc, windows-amd64)
GC Precious Log:
 CPUs: 4 total, 4 available
 Memory: 3500M
 Large Page Support: Disabled
 NUMA Support: Disabled
 Compressed Oops: Enabled (32-bit)
 Heap Region Size: 1M
 Heap Min Capacity: 256M
 Heap Initial Capacity: 256M
 Heap Max Capacity: 512M
 Pre-touch: Disabled
 Parallel Workers: 4
 Concurrent Workers: 1
 Concurrent Refinement Workers: 4
 Periodic GC: Disabled
Heap:
 garbage-first heap   total 266240K, used 167428K [0x00000000e0000000, 0x0000000100000000)
  region size 1024K, 45 young (46080K), 5 survivors (5120K)
 Metaspace       used 70334K, committed 71040K, reserved 278528K
  class space    used 9316K, committed 9664K, reserved 212992K
GC Heap History (20 events):
Event: 744.885 GC heap before
{Heap before GC invocations=13 (full 0):
 garbage-first heap   total 262144K, used 205001K [0x00000000e0000000, 0x0000000100000000)
  region size 1024K, 153 young (156672K), 9 survivors (9216K)
 Metaspace       used 59323K, committed 59904K, reserved 270336K
  class space    used 7844K, committed 8192K, reserved 212992K
}
Event: 744.898 GC heap after
{Heap after GC invocations=14 (full 0):
 garbage-first heap   total 262144K, used 55878K [0x00000000e0000000, 0x0000000100000000)
  region size 1024K, 8 young (8192K), 8 survivors (8192K)
 Metaspace       used 59323K, committed 59904K, reserved 270336K
  class space    used 7844K, committed 8192K, reserved 212992K
}
Event: 746.460 GC heap before
{Heap before GC invocations=14 (full 0):
 garbage-first heap   total 262144K, used 203334K [0x00000000e0000000, 0x0000000100000000)
  region size 1024K, 153 young (156672K), 8 survivors (8192K)
 Metaspace       used 59776K, committed 60352K, reserved 270336K
  class space    used 7876K, committed 8192K, reserved 212992K
}
Event: 746.481 GC heap after
{Heap after GC invocations=15 (full 0):
 garbage-first heap   total 262144K, used 60986K [0x00000000e0000000, 0x0000000100000000)
  region size 1024K, 13 young (13312K), 13 survivors (13312K)
 Metaspace       used 59776K, committed 60352K, reserved 270336K
  class space    used 7876K, committed 8192K, reserved 212992K
}
Event: 748.080 GC heap before
{Heap before GC invocations=15 (full 0):
 garbage-first heap   total 262144K, used 203322K [0x00000000e0000000, 0x0000000100000000)
  region size 1024K, 153 young (156672K), 13 survivors (13312K)
 Metaspace       used 59789K, committed 60352K, reserved 270336K
  class space    used 7876K, committed 8192K, reserved 212992K
}
Event: 748.114 GC heap after
{Heap after GC invocations=16 (full 0):
 garbage-first heap   total 262144K, used 66024K [0x00000000e0000000, 0x0000000100000000)
  region size 1024K, 12 young (12288K), 12 survivors (12288K)
 Metaspace       used 59789K, committed 60352K, reserved 270336K
  class space    used 7876K, committed 8192K, reserved 212992K
}
Event: 749.812 GC heap before
{Heap before GC invocations=16 (full 0):
 garbage-first heap   total 262144K, used 210408K [0x00000000e0000000, 0x0000000100000000)
  region size 1024K, 153 young (156672K), 12 survivors (12288K)
 Metaspace       used 59798K, committed 60352K, reserved 270336K
  class space    used 7877K, committed 8192K, reserved 212992K
}
Event: 749.835 GC heap after
{Heap after GC invocations=17 (full 0):
 garbage-first heap   total 262144K, used 69120K [0x00000000e0000000, 0x0000000100000000)
  region size 1024K, 14 young (14336K), 14 survivors (14336K)
 Metaspace       used 59798K, committed 60352K, reserved 270336K
  class space    used 7877K, committed 8192K, reserved 212992K
}
Event: 751.355 GC heap before
{Heap before GC invocations=17 (full 0):
 garbage-first heap   total 262144K, used 210432K [0x00000000e0000000, 0x0000000100000000)
  region size 1024K, 153 young (156672K), 14 survivors (14336K)
 Metaspace       used 59800K, committed 60352K, reserved 270336K
  class space    used 7877K, committed 8192K, reserved 212992K
}
Event: 751.383 GC heap after
{Heap after GC invocations=18 (full 0):
 garbage-first heap   total 262144K, used 70507K [0x00000000e0000000, 0x0000000100000000)
  region size 1024K, 11 young (11264K), 11 survivors (11264K)
 Metaspace       used 59800K, committed 60352K, reserved 270336K
  class space    used 7877K, committed 8192K, reserved 212992K
}
Event: 752.977 GC heap before
{Heap before GC invocations=18 (full 0):
 garbage-first heap   total 262144K, used 217963K [0x00000000e0000000, 0x0000000100000000)
  region size 1024K, 153 young (156672K), 11 survivors (11264K)
 Metaspace       used 59848K, committed 60352K, reserved 270336K
  class space    used 7877K, committed 8192K, reserved 212992K
}
Event: 753.005 GC heap after
{Heap after GC invocations=19 (full 0):
 garbage-first heap   total 262144K, used 78187K [0x00000000e0000000, 0x0000000100000000)
  region size 1024K, 16 young (16384K), 16 survivors (16384K)
 Metaspace       used 59848K, committed 60352K, reserved 270336K
  class space    used 7877K, committed 8192K, reserved 212992K
}
Event: 1027.982 GC heap before
{Heap before GC invocations=19 (full 0):
 garbage-first heap   total 262144K, used 239979K [0x00000000e0000000, 0x0000000100000000)
  region size 1024K, 149 young (152576K), 16 survivors (16384K)
 Metaspace       used 64705K, committed 65344K, reserved 270336K
  class space    used 8621K, committed 8896K, reserved 212992K
}
Event: 1029.299 GC heap after
{Heap after GC invocations=20 (full 0):
 garbage-first heap   total 266240K, used 112247K [0x00000000e0000000, 0x0000000100000000)
  region size 1024K, 17 young (17408K), 17 survivors (17408K)
 Metaspace       used 64705K, committed 65344K, reserved 270336K
  class space    used 8621K, committed 8896K, reserved 212992K
}
Event: 1029.425 GC heap before
{Heap before GC invocations=20 (full 0):
 garbage-first heap   total 266240K, used 113271K [0x00000000e0000000, 0x0000000100000000)
  region size 1024K, 18 young (18432K), 17 survivors (17408K)
 Metaspace       used 64706K, committed 65344K, reserved 270336K
  class space    used 8621K, committed 8896K, reserved 212992K
}
Event: 1029.498 GC heap after
{Heap after GC invocations=21 (full 0):
 garbage-first heap   total 266240K, used 110134K [0x00000000e0000000, 0x0000000100000000)
  region size 1024K, 2 young (2048K), 2 survivors (2048K)
 Metaspace       used 64706K, committed 65344K, reserved 270336K
  class space    used 8621K, committed 8896K, reserved 212992K
}
Event: 1031.719 GC heap before
{Heap before GC invocations=21 (full 0):
 garbage-first heap   total 266240K, used 122422K [0x00000000e0000000, 0x0000000100000000)
  region size 1024K, 15 young (15360K), 2 survivors (2048K)
 Metaspace       used 65815K, committed 66496K, reserved 278528K
  class space    used 8754K, committed 9088K, reserved 212992K
}
Event: 1031.726 GC heap after
{Heap after GC invocations=22 (full 0):
 garbage-first heap   total 266240K, used 109110K [0x00000000e0000000, 0x0000000100000000)
  region size 1024K, 1 young (1024K), 1 survivors (1024K)
 Metaspace       used 65815K, committed 66496K, reserved 278528K
  class space    used 8754K, committed 9088K, reserved 212992K
}
Event: 1035.073 GC heap before
{Heap before GC invocations=22 (full 0):
 garbage-first heap   total 266240K, used 145974K [0x00000000e0000000, 0x0000000100000000)
  region size 1024K, 28 young (28672K), 1 survivors (1024K)
 Metaspace       used 68735K, committed 69504K, reserved 278528K
  class space    used 9093K, committed 9472K, reserved 212992K
}
Event: 1035.107 GC heap after
{Heap after GC invocations=23 (full 0):
 garbage-first heap   total 266240K, used 123396K [0x00000000e0000000, 0x0000000100000000)
  region size 1024K, 5 young (5120K), 5 survivors (5120K)
 Metaspace       used 68735K, committed 69504K, reserved 278528K
  class space    used 9093K, committed 9472K, reserved 212992K
}

